<?xml version="1.0" encoding="UTF-8"?>
<navigation xmlns="https://org.econtact/navigation">
    <root name="ROLE_SYS_ADMIN">
        <action label="sysadminLabel" image="/img/stat-info.png"
                rendered="true" outcome="/app/page/stat-info.zul">
            <parameters>
                <parameter name="name1" value="value1"/>
                <parameter name="name2" value="value2"/>
            </parameters>
            <action label="${labels.navigation.statinfo.info1}" 
                    category="navigate" outcome="/app/page/stat-info-1.zul"/>
        </action>
    </root>
    <root name="ROLE_OWNER" rendered="false">
        <action label="ownerLabel">
        </action>
    </root>
</navigation>