<?xml version="1.0" encoding="UTF-8"?>
<navigation xmlns="https://org.econtact/navigation">
    <root name="SYSADMIN" rendered="true">
        <action label="${labels.navigation.statinfo}" image="/img/stat-info.png"
                rendered="true" outcome="/app/page/stat-info.zul">
            <parameters>
                <parameter name="name1" value="value1"/>
                <parameter name="name2" value="value2"/>
            </parameters>
            <action label="${labels.navigation.statinfo.info1}"
                    rendered="${blablaHandler.isTrue()}" outcome="/app/page/stat-info-1.zul"/>
        </action>
    </root>
    <root name="ADMIN_KZZ" rendered="${session.userInfo.hasRole('ADMIN_KZZ')}">
        <action label="blabla" image="bla-bla"
                rendered="false" outcome="bla-bla.zul"/>
    </root>
    <root name="GENERIC" rendered="${session.userInfo.hasRole('GENERIC')}">
        <action label="bla bla" image="bla-bla" rendered="${security.hasAccess('bla-bla')}"
                child-factory="com.novanum.dmsf.data.BlaBlaChildFactory"/>
    </root>

 <!--"ROLE_SYS_ADMIN"
    "ROLE_OWNER"
    "ROLE_MANAGER"
    ROLE_REGISTRATOR-->
</navigation>